<?xml version="1.0" encoding="UTF-8"?>
<!-- Generated by org.testng.reporters.JUnitReportReporter -->
<testsuite hostname="DESKTOP-O54SLV8" failures="0" tests="2" name="Tests.TC1LoginTest" time="28.124" errors="0" timestamp="2025-05-27T17:06:07 EEST" skipped="0">
  <testcase classname="Tests.TC1LoginTest" name="LogoutTc1" time="12.860"/>
  <testcase classname="Tests.TC1LoginTest" name="ValidLoginTc1" time="15.264"/>
</testsuite> <!-- Tests.TC1LoginTest -->
